[07-Feb-2018 20:44:37 Asia/Tokyo] PHP Fatal error:  Cannot redeclare App\Http\Controllers\MessagesController::index() in /home/ubuntu/workspace/message-board/app/Http/Controllers/MessagesController.php on line 32
[07-Feb-2018 20:44:37 Asia/Tokyo] PHP Stack trace:
[07-Feb-2018 20:44:37 Asia/Tokyo] PHP   1. {main}() /home/ubuntu/workspace/message-board/server.php:0
[07-Feb-2018 20:44:37 Asia/Tokyo] PHP   2. require_once() /home/ubuntu/workspace/message-board/server.php:21
[07-Feb-2018 20:44:37 Asia/Tokyo] PHP   3. Illuminate\Foundation\Http\Kernel->handle() /home/ubuntu/workspace/message-board/public/index.php:54
[07-Feb-2018 20:44:37 Asia/Tokyo] PHP   4. Illuminate\Foundation\Http\Kernel->sendRequestThroughRouter() /home/ubuntu/workspace/message-board/vendor/laravel/framework/src/Illuminate/Foundation/Http/Kernel.php:87
[07-Feb-2018 20:44:37 Asia/Tokyo] PHP   5. Illuminate\Pipeline\Pipeline->then() /home/ubuntu/workspace/message-board/vendor/laravel/framework/src/Illuminate/Foundation/Http/Kernel.php:122
[07-Feb-2018 20:44:37 Asia/Tokyo] PHP   6. call_user_func:{/home/ubuntu/workspace/message-board/vendor/laravel/framework/src/Illuminate/Pipeline/Pipeline.php:103}() /home/ubuntu/workspace/message-board/vendor/laravel/framework/src/Illuminate/Pipeline/Pipeline.php:103
[07-Feb-2018 20:44:37 Asia/Tokyo] PHP   7. Illuminate\Pipeline\Pipeline->Illuminate\Pipeline\{closure}() /home/ubuntu/workspace/message-board/vendor/laravel/framework/src/Illuminate/Pipeline/Pipeline.php:103
[07-Feb-2018 20:44:37 Asia/Tokyo] PHP   8. call_user_func_array:{/home/ubuntu/workspace/message-board/vendor/laravel/framework/src/Illuminate/Pipeline/Pipeline.php:124}() /home/ubuntu/workspace/message-board/vendor/laravel/framework/src/Illuminate/Pipeline/Pipeline.php:124
[07-Feb-2018 20:44:37 Asia/Tokyo] PHP   9. Illuminate\Foundation\Http\Middleware\CheckForMaintenanceMode->handle() /home/ubuntu/workspace/message-board/vendor/laravel/framework/src/Illuminate/Pipeline/Pipeline.php:124
[07-Feb-2018 20:44:37 Asia/Tokyo] PHP  10. Illuminate\Pipeline\Pipeline->Illuminate\Pipeline\{closure}() /home/ubuntu/workspace/message-board/vendor/laravel/framework/src/Illuminate/Foundation/Http/Middleware/CheckForMaintenanceMode.php:44
[07-Feb-2018 20:44:37 Asia/Tokyo] PHP  11. call_user_func_array:{/home/ubuntu/workspace/message-board/vendor/laravel/framework/src/Illuminate/Pipeline/Pipeline.php:124}() /home/ubuntu/workspace/message-board/vendor/laravel/framework/src/Illuminate/Pipeline/Pipeline.php:124
[07-Feb-2018 20:44:37 Asia/Tokyo] PHP  12. Illuminate\Cookie\Middleware\EncryptCookies->handle() /home/ubuntu/workspace/message-board/vendor/laravel/framework/src/Illuminate/Pipeline/Pipeline.php:124
[07-Feb-2018 20:44:37 Asia/Tokyo] PHP  13. Illuminate\Pipeline\Pipeline->Illuminate\Pipeline\{closure}() /home/ubuntu/workspace/message-board/vendor/laravel/framework/src/Illuminate/Cookie/Middleware/EncryptCookies.php:59
[07-Feb-2018 20:44:37 Asia/Tokyo] PHP  14. call_user_func_array:{/home/ubuntu/workspace/message-board/vendor/laravel/framework/src/Illuminate/Pipeline/Pipeline.php:124}() /home/ubuntu/workspace/message-board/vendor/laravel/framework/src/Illuminate/Pipeline/Pipeline.php:124
[07-Feb-2018 20:44:37 Asia/Tokyo] PHP  15. Illuminate\Cookie\Middleware\AddQueuedCookiesToResponse->handle() /home/ubuntu/workspace/message-board/vendor/laravel/framework/src/Illuminate/Pipeline/Pipeline.php:124
[07-Feb-2018 20:44:37 Asia/Tokyo] PHP  16. Illuminate\Pipeline\Pipeline->Illuminate\Pipeline\{closure}() /home/ubuntu/workspace/message-board/vendor/laravel/framework/src/Illuminate/Cookie/Middleware/AddQueuedCookiesToResponse.php:37
[07-Feb-2018 20:44:37 Asia/Tokyo] PHP  17. call_user_func_array:{/home/ubuntu/workspace/message-board/vendor/laravel/framework/src/Illuminate/Pipeline/Pipeline.php:124}() /home/ubuntu/workspace/message-board/vendor/laravel/framework/src/Illuminate/Pipeline/Pipeline.php:124
[07-Feb-2018 20:44:37 Asia/Tokyo] PHP  18. Illuminate\Session\Middleware\StartSession->handle() /home/ubuntu/workspace/message-board/vendor/laravel/framework/src/Illuminate/Pipeline/Pipeline.php:124
[07-Feb-2018 20:44:37 Asia/Tokyo] PHP  19. Illuminate\Pipeline\Pipeline->Illuminate\Pipeline\{closure}() /home/ubuntu/workspace/message-board/vendor/laravel/framework/src/Illuminate/Session/Middleware/StartSession.php:62
[07-Feb-2018 20:44:37 Asia/Tokyo] PHP  20. call_user_func_array:{/home/ubuntu/workspace/message-board/vendor/laravel/framework/src/Illuminate/Pipeline/Pipeline.php:124}() /home/ubuntu/workspace/message-board/vendor/laravel/framework/src/Illuminate/Pipeline/Pipeline.php:124
[07-Feb-2018 20:44:37 Asia/Tokyo] PHP  21. Illuminate\View\Middleware\ShareErrorsFromSession->handle() /home/ubuntu/workspace/message-board/vendor/laravel/framework/src/Illuminate/Pipeline/Pipeline.php:124
[07-Feb-2018 20:44:37 Asia/Tokyo] PHP  22. Illuminate\Pipeline\Pipeline->Illuminate\Pipeline\{closure}() /home/ubuntu/workspace/message-board/vendor/laravel/framework/src/Illuminate/View/Middleware/ShareErrorsFromSession.php:49
[07-Feb-2018 20:44:37 Asia/Tokyo] PHP  23. call_user_func_array:{/home/ubuntu/workspace/message-board/vendor/laravel/framework/src/Illuminate/Pipeline/Pipeline.php:124}() /home/ubuntu/workspace/message-board/vendor/laravel/framework/src/Illuminate/Pipeline/Pipeline.php:124
[07-Feb-2018 20:44:37 Asia/Tokyo] PHP  24. Illuminate\Foundation\Http\Middleware\VerifyCsrfToken->handle() /home/ubuntu/workspace/message-board/vendor/laravel/framework/src/Illuminate/Pipeline/Pipeline.php:124
[07-Feb-2018 20:44:37 Asia/Tokyo] PHP  25. Illuminate\Pipeline\Pipeline->Illuminate\Pipeline\{closure}() /home/ubuntu/workspace/message-board/vendor/laravel/framework/src/Illuminate/Foundation/Http/Middleware/VerifyCsrfToken.php:50
[07-Feb-2018 20:44:37 Asia/Tokyo] PHP  26. call_user_func:{/home/ubuntu/workspace/message-board/vendor/laravel/framework/src/Illuminate/Pipeline/Pipeline.php:139}() /home/ubuntu/workspace/message-board/vendor/laravel/framework/src/Illuminate/Pipeline/Pipeline.php:139
[07-Feb-2018 20:44:37 Asia/Tokyo] PHP  27. Illuminate\Foundation\Http\Kernel->Illuminate\Foundation\Http\{closure}() /home/ubuntu/workspace/message-board/vendor/laravel/framework/src/Illuminate/Pipeline/Pipeline.php:139
[07-Feb-2018 20:44:37 Asia/Tokyo] PHP  28. Illuminate\Routing\Router->dispatch() /home/ubuntu/workspace/message-board/vendor/laravel/framework/src/Illuminate/Foundation/Http/Kernel.php:236
[07-Feb-2018 20:44:37 Asia/Tokyo] PHP  29. Illuminate\Routing\Router->dispatchToRoute() /home/ubuntu/workspace/message-board/vendor/laravel/framework/src/Illuminate/Routing/Router.php:635
[07-Feb-2018 20:44:37 Asia/Tokyo] PHP  30. Illuminate\Routing\Router->runRouteWithinStack() /home/ubuntu/workspace/message-board/vendor/laravel/framework/src/Illuminate/Routing/Router.php:675
[07-Feb-2018 20:44:37 Asia/Tokyo] PHP  31. Illuminate\Pipeline\Pipeline->then() /home/ubuntu/workspace/message-board/vendor/laravel/framework/src/Illuminate/Routing/Router.php:710
[07-Feb-2018 20:44:37 Asia/Tokyo] PHP  32. call_user_func:{/home/ubuntu/workspace/message-board/vendor/laravel/framework/src/Illuminate/Pipeline/Pipeline.php:103}() /home/ubuntu/workspace/message-board/vendor/laravel/framework/src/Illuminate/Pipeline/Pipeline.php:103
[07-Feb-2018 20:44:37 Asia/Tokyo] PHP  33. Illuminate\Pipeline\Pipeline->Illuminate\Pipeline\{closure}() /home/ubuntu/workspace/message-board/vendor/laravel/framework/src/Illuminate/Pipeline/Pipeline.php:103
[07-Feb-2018 20:44:37 Asia/Tokyo] PHP  34. call_user_func:{/home/ubuntu/workspace/message-board/vendor/laravel/framework/src/Illuminate/Pipeline/Pipeline.php:139}() /home/ubuntu/workspace/message-board/vendor/laravel/framework/src/Illuminate/Pipeline/Pipeline.php:139
[07-Feb-2018 20:44:37 Asia/Tokyo] PHP  35. Illuminate\Routing\Router->Illuminate\Routing\{closure}() /home/ubuntu/workspace/message-board/vendor/laravel/framework/src/Illuminate/Pipeline/Pipeline.php:139
[07-Feb-2018 20:44:37 Asia/Tokyo] PHP  36. Illuminate\Routing\Route->run() /home/ubuntu/workspace/message-board/vendor/laravel/framework/src/Illuminate/Routing/Router.php:708
[07-Feb-2018 20:44:37 Asia/Tokyo] PHP  37. Illuminate\Routing\Route->runWithCustomDispatcher() /home/ubuntu/workspace/message-board/vendor/laravel/framework/src/Illuminate/Routing/Route.php:134
[07-Feb-2018 20:44:37 Asia/Tokyo] PHP  38. Illuminate\Routing\ControllerDispatcher->dispatch() /home/ubuntu/workspace/message-board/vendor/laravel/framework/src/Illuminate/Routing/Route.php:203
[07-Feb-2018 20:44:37 Asia/Tokyo] PHP  39. Illuminate\Routing\ControllerDispatcher->makeController() /home/ubuntu/workspace/message-board/vendor/laravel/framework/src/Illuminate/Routing/ControllerDispatcher.php:57
[07-Feb-2018 20:44:37 Asia/Tokyo] PHP  40. Illuminate\Foundation\Application->make() /home/ubuntu/workspace/message-board/vendor/laravel/framework/src/Illuminate/Routing/ControllerDispatcher.php:85
[07-Feb-2018 20:44:37 Asia/Tokyo] PHP  41. Illuminate\Container\Container->make() /home/ubuntu/workspace/message-board/vendor/laravel/framework/src/Illuminate/Foundation/Application.php:674
[07-Feb-2018 20:44:37 Asia/Tokyo] PHP  42. Illuminate\Container\Container->build() /home/ubuntu/workspace/message-board/vendor/laravel/framework/src/Illuminate/Container/Container.php:631
[07-Feb-2018 20:44:37 Asia/Tokyo] PHP  43. ReflectionClass->__construct() /home/ubuntu/workspace/message-board/vendor/laravel/framework/src/Illuminate/Container/Container.php:741
[07-Feb-2018 20:44:37 Asia/Tokyo] PHP  44. spl_autoload_call() /home/ubuntu/workspace/message-board/vendor/laravel/framework/src/Illuminate/Container/Container.php:741
[07-Feb-2018 20:44:37 Asia/Tokyo] PHP  45. Composer\Autoload\ClassLoader->loadClass() /home/ubuntu/workspace/message-board/vendor/laravel/framework/src/Illuminate/Container/Container.php:741
[07-Feb-2018 20:44:37 Asia/Tokyo] PHP  46. Composer\Autoload\includeFile() /home/ubuntu/workspace/message-board/vendor/composer/ClassLoader.php:322
[07-Feb-2018 20:45:09 Asia/Tokyo] PHP Fatal error:  Cannot redeclare App\Http\Controllers\MessagesController::index() in /home/ubuntu/workspace/message-board/app/Http/Controllers/MessagesController.php on line 32
[07-Feb-2018 20:45:09 Asia/Tokyo] PHP Stack trace:
[07-Feb-2018 20:45:09 Asia/Tokyo] PHP   1. {main}() /home/ubuntu/workspace/message-board/server.php:0
[07-Feb-2018 20:45:09 Asia/Tokyo] PHP   2. require_once() /home/ubuntu/workspace/message-board/server.php:21
[07-Feb-2018 20:45:09 Asia/Tokyo] PHP   3. Illuminate\Foundation\Http\Kernel->handle() /home/ubuntu/workspace/message-board/public/index.php:54
[07-Feb-2018 20:45:09 Asia/Tokyo] PHP   4. Illuminate\Foundation\Http\Kernel->sendRequestThroughRouter() /home/ubuntu/workspace/message-board/vendor/laravel/framework/src/Illuminate/Foundation/Http/Kernel.php:87
[07-Feb-2018 20:45:09 Asia/Tokyo] PHP   5. Illuminate\Pipeline\Pipeline->then() /home/ubuntu/workspace/message-board/vendor/laravel/framework/src/Illuminate/Foundation/Http/Kernel.php:122
[07-Feb-2018 20:45:09 Asia/Tokyo] PHP   6. call_user_func:{/home/ubuntu/workspace/message-board/vendor/laravel/framework/src/Illuminate/Pipeline/Pipeline.php:103}() /home/ubuntu/workspace/message-board/vendor/laravel/framework/src/Illuminate/Pipeline/Pipeline.php:103
[07-Feb-2018 20:45:09 Asia/Tokyo] PHP   7. Illuminate\Pipeline\Pipeline->Illuminate\Pipeline\{closure}() /home/ubuntu/workspace/message-board/vendor/laravel/framework/src/Illuminate/Pipeline/Pipeline.php:103
[07-Feb-2018 20:45:09 Asia/Tokyo] PHP   8. call_user_func_array:{/home/ubuntu/workspace/message-board/vendor/laravel/framework/src/Illuminate/Pipeline/Pipeline.php:124}() /home/ubuntu/workspace/message-board/vendor/laravel/framework/src/Illuminate/Pipeline/Pipeline.php:124
[07-Feb-2018 20:45:09 Asia/Tokyo] PHP   9. Illuminate\Foundation\Http\Middleware\CheckForMaintenanceMode->handle() /home/ubuntu/workspace/message-board/vendor/laravel/framework/src/Illuminate/Pipeline/Pipeline.php:124
[07-Feb-2018 20:45:09 Asia/Tokyo] PHP  10. Illuminate\Pipeline\Pipeline->Illuminate\Pipeline\{closure}() /home/ubuntu/workspace/message-board/vendor/laravel/framework/src/Illuminate/Foundation/Http/Middleware/CheckForMaintenanceMode.php:44
[07-Feb-2018 20:45:09 Asia/Tokyo] PHP  11. call_user_func_array:{/home/ubuntu/workspace/message-board/vendor/laravel/framework/src/Illuminate/Pipeline/Pipeline.php:124}() /home/ubuntu/workspace/message-board/vendor/laravel/framework/src/Illuminate/Pipeline/Pipeline.php:124
[07-Feb-2018 20:45:09 Asia/Tokyo] PHP  12. Illuminate\Cookie\Middleware\EncryptCookies->handle() /home/ubuntu/workspace/message-board/vendor/laravel/framework/src/Illuminate/Pipeline/Pipeline.php:124
[07-Feb-2018 20:45:09 Asia/Tokyo] PHP  13. Illuminate\Pipeline\Pipeline->Illuminate\Pipeline\{closure}() /home/ubuntu/workspace/message-board/vendor/laravel/framework/src/Illuminate/Cookie/Middleware/EncryptCookies.php:59
[07-Feb-2018 20:45:09 Asia/Tokyo] PHP  14. call_user_func_array:{/home/ubuntu/workspace/message-board/vendor/laravel/framework/src/Illuminate/Pipeline/Pipeline.php:124}() /home/ubuntu/workspace/message-board/vendor/laravel/framework/src/Illuminate/Pipeline/Pipeline.php:124
[07-Feb-2018 20:45:09 Asia/Tokyo] PHP  15. Illuminate\Cookie\Middleware\AddQueuedCookiesToResponse->handle() /home/ubuntu/workspace/message-board/vendor/laravel/framework/src/Illuminate/Pipeline/Pipeline.php:124
[07-Feb-2018 20:45:09 Asia/Tokyo] PHP  16. Illuminate\Pipeline\Pipeline->Illuminate\Pipeline\{closure}() /home/ubuntu/workspace/message-board/vendor/laravel/framework/src/Illuminate/Cookie/Middleware/AddQueuedCookiesToResponse.php:37
[07-Feb-2018 20:45:09 Asia/Tokyo] PHP  17. call_user_func_array:{/home/ubuntu/workspace/message-board/vendor/laravel/framework/src/Illuminate/Pipeline/Pipeline.php:124}() /home/ubuntu/workspace/message-board/vendor/laravel/framework/src/Illuminate/Pipeline/Pipeline.php:124
[07-Feb-2018 20:45:09 Asia/Tokyo] PHP  18. Illuminate\Session\Middleware\StartSession->handle() /home/ubuntu/workspace/message-board/vendor/laravel/framework/src/Illuminate/Pipeline/Pipeline.php:124
[07-Feb-2018 20:45:09 Asia/Tokyo] PHP  19. Illuminate\Pipeline\Pipeline->Illuminate\Pipeline\{closure}() /home/ubuntu/workspace/message-board/vendor/laravel/framework/src/Illuminate/Session/Middleware/StartSession.php:62
[07-Feb-2018 20:45:09 Asia/Tokyo] PHP  20. call_user_func_array:{/home/ubuntu/workspace/message-board/vendor/laravel/framework/src/Illuminate/Pipeline/Pipeline.php:124}() /home/ubuntu/workspace/message-board/vendor/laravel/framework/src/Illuminate/Pipeline/Pipeline.php:124
[07-Feb-2018 20:45:09 Asia/Tokyo] PHP  21. Illuminate\View\Middleware\ShareErrorsFromSession->handle() /home/ubuntu/workspace/message-board/vendor/laravel/framework/src/Illuminate/Pipeline/Pipeline.php:124
[07-Feb-2018 20:45:09 Asia/Tokyo] PHP  22. Illuminate\Pipeline\Pipeline->Illuminate\Pipeline\{closure}() /home/ubuntu/workspace/message-board/vendor/laravel/framework/src/Illuminate/View/Middleware/ShareErrorsFromSession.php:49
[07-Feb-2018 20:45:09 Asia/Tokyo] PHP  23. call_user_func_array:{/home/ubuntu/workspace/message-board/vendor/laravel/framework/src/Illuminate/Pipeline/Pipeline.php:124}() /home/ubuntu/workspace/message-board/vendor/laravel/framework/src/Illuminate/Pipeline/Pipeline.php:124
[07-Feb-2018 20:45:09 Asia/Tokyo] PHP  24. Illuminate\Foundation\Http\Middleware\VerifyCsrfToken->handle() /home/ubuntu/workspace/message-board/vendor/laravel/framework/src/Illuminate/Pipeline/Pipeline.php:124
[07-Feb-2018 20:45:09 Asia/Tokyo] PHP  25. Illuminate\Pipeline\Pipeline->Illuminate\Pipeline\{closure}() /home/ubuntu/workspace/message-board/vendor/laravel/framework/src/Illuminate/Foundation/Http/Middleware/VerifyCsrfToken.php:50
[07-Feb-2018 20:45:09 Asia/Tokyo] PHP  26. call_user_func:{/home/ubuntu/workspace/message-board/vendor/laravel/framework/src/Illuminate/Pipeline/Pipeline.php:139}() /home/ubuntu/workspace/message-board/vendor/laravel/framework/src/Illuminate/Pipeline/Pipeline.php:139
[07-Feb-2018 20:45:09 Asia/Tokyo] PHP  27. Illuminate\Foundation\Http\Kernel->Illuminate\Foundation\Http\{closure}() /home/ubuntu/workspace/message-board/vendor/laravel/framework/src/Illuminate/Pipeline/Pipeline.php:139
[07-Feb-2018 20:45:09 Asia/Tokyo] PHP  28. Illuminate\Routing\Router->dispatch() /home/ubuntu/workspace/message-board/vendor/laravel/framework/src/Illuminate/Foundation/Http/Kernel.php:236
[07-Feb-2018 20:45:09 Asia/Tokyo] PHP  29. Illuminate\Routing\Router->dispatchToRoute() /home/ubuntu/workspace/message-board/vendor/laravel/framework/src/Illuminate/Routing/Router.php:635
[07-Feb-2018 20:45:09 Asia/Tokyo] PHP  30. Illuminate\Routing\Router->runRouteWithinStack() /home/ubuntu/workspace/message-board/vendor/laravel/framework/src/Illuminate/Routing/Router.php:675
[07-Feb-2018 20:45:09 Asia/Tokyo] PHP  31. Illuminate\Pipeline\Pipeline->then() /home/ubuntu/workspace/message-board/vendor/laravel/framework/src/Illuminate/Routing/Router.php:710
[07-Feb-2018 20:45:09 Asia/Tokyo] PHP  32. call_user_func:{/home/ubuntu/workspace/message-board/vendor/laravel/framework/src/Illuminate/Pipeline/Pipeline.php:103}() /home/ubuntu/workspace/message-board/vendor/laravel/framework/src/Illuminate/Pipeline/Pipeline.php:103
[07-Feb-2018 20:45:09 Asia/Tokyo] PHP  33. Illuminate\Pipeline\Pipeline->Illuminate\Pipeline\{closure}() /home/ubuntu/workspace/message-board/vendor/laravel/framework/src/Illuminate/Pipeline/Pipeline.php:103
[07-Feb-2018 20:45:09 Asia/Tokyo] PHP  34. call_user_func:{/home/ubuntu/workspace/message-board/vendor/laravel/framework/src/Illuminate/Pipeline/Pipeline.php:139}() /home/ubuntu/workspace/message-board/vendor/laravel/framework/src/Illuminate/Pipeline/Pipeline.php:139
[07-Feb-2018 20:45:09 Asia/Tokyo] PHP  35. Illuminate\Routing\Router->Illuminate\Routing\{closure}() /home/ubuntu/workspace/message-board/vendor/laravel/framework/src/Illuminate/Pipeline/Pipeline.php:139
[07-Feb-2018 20:45:09 Asia/Tokyo] PHP  36. Illuminate\Routing\Route->run() /home/ubuntu/workspace/message-board/vendor/laravel/framework/src/Illuminate/Routing/Router.php:708
[07-Feb-2018 20:45:09 Asia/Tokyo] PHP  37. Illuminate\Routing\Route->runWithCustomDispatcher() /home/ubuntu/workspace/message-board/vendor/laravel/framework/src/Illuminate/Routing/Route.php:134
[07-Feb-2018 20:45:09 Asia/Tokyo] PHP  38. Illuminate\Routing\ControllerDispatcher->dispatch() /home/ubuntu/workspace/message-board/vendor/laravel/framework/src/Illuminate/Routing/Route.php:203
[07-Feb-2018 20:45:09 Asia/Tokyo] PHP  39. Illuminate\Routing\ControllerDispatcher->makeController() /home/ubuntu/workspace/message-board/vendor/laravel/framework/src/Illuminate/Routing/ControllerDispatcher.php:57
[07-Feb-2018 20:45:09 Asia/Tokyo] PHP  40. Illuminate\Foundation\Application->make() /home/ubuntu/workspace/message-board/vendor/laravel/framework/src/Illuminate/Routing/ControllerDispatcher.php:85
[07-Feb-2018 20:45:09 Asia/Tokyo] PHP  41. Illuminate\Container\Container->make() /home/ubuntu/workspace/message-board/vendor/laravel/framework/src/Illuminate/Foundation/Application.php:674
[07-Feb-2018 20:45:09 Asia/Tokyo] PHP  42. Illuminate\Container\Container->build() /home/ubuntu/workspace/message-board/vendor/laravel/framework/src/Illuminate/Container/Container.php:631
[07-Feb-2018 20:45:09 Asia/Tokyo] PHP  43. ReflectionClass->__construct() /home/ubuntu/workspace/message-board/vendor/laravel/framework/src/Illuminate/Container/Container.php:741
[07-Feb-2018 20:45:09 Asia/Tokyo] PHP  44. spl_autoload_call() /home/ubuntu/workspace/message-board/vendor/laravel/framework/src/Illuminate/Container/Container.php:741
[07-Feb-2018 20:45:09 Asia/Tokyo] PHP  45. Composer\Autoload\ClassLoader->loadClass() /home/ubuntu/workspace/message-board/vendor/laravel/framework/src/Illuminate/Container/Container.php:741
[07-Feb-2018 20:45:09 Asia/Tokyo] PHP  46. Composer\Autoload\includeFile() /home/ubuntu/workspace/message-board/vendor/composer/ClassLoader.php:322
[07-Feb-2018 20:55:24 Asia/Tokyo] PHP Fatal error:  Cannot redeclare App\Http\Controllers\MessagesController::index() in /home/ubuntu/workspace/message-board/app/Http/Controllers/MessagesController.php on line 32
[07-Feb-2018 20:55:24 Asia/Tokyo] PHP Stack trace:
[07-Feb-2018 20:55:24 Asia/Tokyo] PHP   1. {main}() /home/ubuntu/workspace/message-board/server.php:0
[07-Feb-2018 20:55:24 Asia/Tokyo] PHP   2. require_once() /home/ubuntu/workspace/message-board/server.php:21
[07-Feb-2018 20:55:24 Asia/Tokyo] PHP   3. Illuminate\Foundation\Http\Kernel->handle() /home/ubuntu/workspace/message-board/public/index.php:54
[07-Feb-2018 20:55:24 Asia/Tokyo] PHP   4. Illuminate\Foundation\Http\Kernel->sendRequestThroughRouter() /home/ubuntu/workspace/message-board/vendor/laravel/framework/src/Illuminate/Foundation/Http/Kernel.php:87
[07-Feb-2018 20:55:24 Asia/Tokyo] PHP   5. Illuminate\Pipeline\Pipeline->then() /home/ubuntu/workspace/message-board/vendor/laravel/framework/src/Illuminate/Foundation/Http/Kernel.php:122
[07-Feb-2018 20:55:24 Asia/Tokyo] PHP   6. call_user_func:{/home/ubuntu/workspace/message-board/vendor/laravel/framework/src/Illuminate/Pipeline/Pipeline.php:103}() /home/ubuntu/workspace/message-board/vendor/laravel/framework/src/Illuminate/Pipeline/Pipeline.php:103
[07-Feb-2018 20:55:24 Asia/Tokyo] PHP   7. Illuminate\Pipeline\Pipeline->Illuminate\Pipeline\{closure}() /home/ubuntu/workspace/message-board/vendor/laravel/framework/src/Illuminate/Pipeline/Pipeline.php:103
[07-Feb-2018 20:55:24 Asia/Tokyo] PHP   8. call_user_func_array:{/home/ubuntu/workspace/message-board/vendor/laravel/framework/src/Illuminate/Pipeline/Pipeline.php:124}() /home/ubuntu/workspace/message-board/vendor/laravel/framework/src/Illuminate/Pipeline/Pipeline.php:124
[07-Feb-2018 20:55:24 Asia/Tokyo] PHP   9. Illuminate\Foundation\Http\Middleware\CheckForMaintenanceMode->handle() /home/ubuntu/workspace/message-board/vendor/laravel/framework/src/Illuminate/Pipeline/Pipeline.php:124
[07-Feb-2018 20:55:24 Asia/Tokyo] PHP  10. Illuminate\Pipeline\Pipeline->Illuminate\Pipeline\{closure}() /home/ubuntu/workspace/message-board/vendor/laravel/framework/src/Illuminate/Foundation/Http/Middleware/CheckForMaintenanceMode.php:44
[07-Feb-2018 20:55:24 Asia/Tokyo] PHP  11. call_user_func_array:{/home/ubuntu/workspace/message-board/vendor/laravel/framework/src/Illuminate/Pipeline/Pipeline.php:124}() /home/ubuntu/workspace/message-board/vendor/laravel/framework/src/Illuminate/Pipeline/Pipeline.php:124
[07-Feb-2018 20:55:24 Asia/Tokyo] PHP  12. Illuminate\Cookie\Middleware\EncryptCookies->handle() /home/ubuntu/workspace/message-board/vendor/laravel/framework/src/Illuminate/Pipeline/Pipeline.php:124
[07-Feb-2018 20:55:24 Asia/Tokyo] PHP  13. Illuminate\Pipeline\Pipeline->Illuminate\Pipeline\{closure}() /home/ubuntu/workspace/message-board/vendor/laravel/framework/src/Illuminate/Cookie/Middleware/EncryptCookies.php:59
[07-Feb-2018 20:55:24 Asia/Tokyo] PHP  14. call_user_func_array:{/home/ubuntu/workspace/message-board/vendor/laravel/framework/src/Illuminate/Pipeline/Pipeline.php:124}() /home/ubuntu/workspace/message-board/vendor/laravel/framework/src/Illuminate/Pipeline/Pipeline.php:124
[07-Feb-2018 20:55:24 Asia/Tokyo] PHP  15. Illuminate\Cookie\Middleware\AddQueuedCookiesToResponse->handle() /home/ubuntu/workspace/message-board/vendor/laravel/framework/src/Illuminate/Pipeline/Pipeline.php:124
[07-Feb-2018 20:55:24 Asia/Tokyo] PHP  16. Illuminate\Pipeline\Pipeline->Illuminate\Pipeline\{closure}() /home/ubuntu/workspace/message-board/vendor/laravel/framework/src/Illuminate/Cookie/Middleware/AddQueuedCookiesToResponse.php:37
[07-Feb-2018 20:55:24 Asia/Tokyo] PHP  17. call_user_func_array:{/home/ubuntu/workspace/message-board/vendor/laravel/framework/src/Illuminate/Pipeline/Pipeline.php:124}() /home/ubuntu/workspace/message-board/vendor/laravel/framework/src/Illuminate/Pipeline/Pipeline.php:124
[07-Feb-2018 20:55:24 Asia/Tokyo] PHP  18. Illuminate\Session\Middleware\StartSession->handle() /home/ubuntu/workspace/message-board/vendor/laravel/framework/src/Illuminate/Pipeline/Pipeline.php:124
[07-Feb-2018 20:55:24 Asia/Tokyo] PHP  19. Illuminate\Pipeline\Pipeline->Illuminate\Pipeline\{closure}() /home/ubuntu/workspace/message-board/vendor/laravel/framework/src/Illuminate/Session/Middleware/StartSession.php:62
[07-Feb-2018 20:55:24 Asia/Tokyo] PHP  20. call_user_func_array:{/home/ubuntu/workspace/message-board/vendor/laravel/framework/src/Illuminate/Pipeline/Pipeline.php:124}() /home/ubuntu/workspace/message-board/vendor/laravel/framework/src/Illuminate/Pipeline/Pipeline.php:124
[07-Feb-2018 20:55:24 Asia/Tokyo] PHP  21. Illuminate\View\Middleware\ShareErrorsFromSession->handle() /home/ubuntu/workspace/message-board/vendor/laravel/framework/src/Illuminate/Pipeline/Pipeline.php:124
[07-Feb-2018 20:55:24 Asia/Tokyo] PHP  22. Illuminate\Pipeline\Pipeline->Illuminate\Pipeline\{closure}() /home/ubuntu/workspace/message-board/vendor/laravel/framework/src/Illuminate/View/Middleware/ShareErrorsFromSession.php:49
[07-Feb-2018 20:55:24 Asia/Tokyo] PHP  23. call_user_func_array:{/home/ubuntu/workspace/message-board/vendor/laravel/framework/src/Illuminate/Pipeline/Pipeline.php:124}() /home/ubuntu/workspace/message-board/vendor/laravel/framework/src/Illuminate/Pipeline/Pipeline.php:124
[07-Feb-2018 20:55:24 Asia/Tokyo] PHP  24. Illuminate\Foundation\Http\Middleware\VerifyCsrfToken->handle() /home/ubuntu/workspace/message-board/vendor/laravel/framework/src/Illuminate/Pipeline/Pipeline.php:124
[07-Feb-2018 20:55:24 Asia/Tokyo] PHP  25. Illuminate\Pipeline\Pipeline->Illuminate\Pipeline\{closure}() /home/ubuntu/workspace/message-board/vendor/laravel/framework/src/Illuminate/Foundation/Http/Middleware/VerifyCsrfToken.php:50
[07-Feb-2018 20:55:24 Asia/Tokyo] PHP  26. call_user_func:{/home/ubuntu/workspace/message-board/vendor/laravel/framework/src/Illuminate/Pipeline/Pipeline.php:139}() /home/ubuntu/workspace/message-board/vendor/laravel/framework/src/Illuminate/Pipeline/Pipeline.php:139
[07-Feb-2018 20:55:24 Asia/Tokyo] PHP  27. Illuminate\Foundation\Http\Kernel->Illuminate\Foundation\Http\{closure}() /home/ubuntu/workspace/message-board/vendor/laravel/framework/src/Illuminate/Pipeline/Pipeline.php:139
[07-Feb-2018 20:55:24 Asia/Tokyo] PHP  28. Illuminate\Routing\Router->dispatch() /home/ubuntu/workspace/message-board/vendor/laravel/framework/src/Illuminate/Foundation/Http/Kernel.php:236
[07-Feb-2018 20:55:24 Asia/Tokyo] PHP  29. Illuminate\Routing\Router->dispatchToRoute() /home/ubuntu/workspace/message-board/vendor/laravel/framework/src/Illuminate/Routing/Router.php:635
[07-Feb-2018 20:55:24 Asia/Tokyo] PHP  30. Illuminate\Routing\Router->runRouteWithinStack() /home/ubuntu/workspace/message-board/vendor/laravel/framework/src/Illuminate/Routing/Router.php:675
[07-Feb-2018 20:55:24 Asia/Tokyo] PHP  31. Illuminate\Pipeline\Pipeline->then() /home/ubuntu/workspace/message-board/vendor/laravel/framework/src/Illuminate/Routing/Router.php:710
[07-Feb-2018 20:55:24 Asia/Tokyo] PHP  32. call_user_func:{/home/ubuntu/workspace/message-board/vendor/laravel/framework/src/Illuminate/Pipeline/Pipeline.php:103}() /home/ubuntu/workspace/message-board/vendor/laravel/framework/src/Illuminate/Pipeline/Pipeline.php:103
[07-Feb-2018 20:55:24 Asia/Tokyo] PHP  33. Illuminate\Pipeline\Pipeline->Illuminate\Pipeline\{closure}() /home/ubuntu/workspace/message-board/vendor/laravel/framework/src/Illuminate/Pipeline/Pipeline.php:103
[07-Feb-2018 20:55:24 Asia/Tokyo] PHP  34. call_user_func:{/home/ubuntu/workspace/message-board/vendor/laravel/framework/src/Illuminate/Pipeline/Pipeline.php:139}() /home/ubuntu/workspace/message-board/vendor/laravel/framework/src/Illuminate/Pipeline/Pipeline.php:139
[07-Feb-2018 20:55:24 Asia/Tokyo] PHP  35. Illuminate\Routing\Router->Illuminate\Routing\{closure}() /home/ubuntu/workspace/message-board/vendor/laravel/framework/src/Illuminate/Pipeline/Pipeline.php:139
[07-Feb-2018 20:55:24 Asia/Tokyo] PHP  36. Illuminate\Routing\Route->run() /home/ubuntu/workspace/message-board/vendor/laravel/framework/src/Illuminate/Routing/Router.php:708
[07-Feb-2018 20:55:24 Asia/Tokyo] PHP  37. Illuminate\Routing\Route->runWithCustomDispatcher() /home/ubuntu/workspace/message-board/vendor/laravel/framework/src/Illuminate/Routing/Route.php:134
[07-Feb-2018 20:55:24 Asia/Tokyo] PHP  38. Illuminate\Routing\ControllerDispatcher->dispatch() /home/ubuntu/workspace/message-board/vendor/laravel/framework/src/Illuminate/Routing/Route.php:203
[07-Feb-2018 20:55:24 Asia/Tokyo] PHP  39. Illuminate\Routing\ControllerDispatcher->makeController() /home/ubuntu/workspace/message-board/vendor/laravel/framework/src/Illuminate/Routing/ControllerDispatcher.php:57
[07-Feb-2018 20:55:24 Asia/Tokyo] PHP  40. Illuminate\Foundation\Application->make() /home/ubuntu/workspace/message-board/vendor/laravel/framework/src/Illuminate/Routing/ControllerDispatcher.php:85
[07-Feb-2018 20:55:24 Asia/Tokyo] PHP  41. Illuminate\Container\Container->make() /home/ubuntu/workspace/message-board/vendor/laravel/framework/src/Illuminate/Foundation/Application.php:674
[07-Feb-2018 20:55:24 Asia/Tokyo] PHP  42. Illuminate\Container\Container->build() /home/ubuntu/workspace/message-board/vendor/laravel/framework/src/Illuminate/Container/Container.php:631
[07-Feb-2018 20:55:24 Asia/Tokyo] PHP  43. ReflectionClass->__construct() /home/ubuntu/workspace/message-board/vendor/laravel/framework/src/Illuminate/Container/Container.php:741
[07-Feb-2018 20:55:24 Asia/Tokyo] PHP  44. spl_autoload_call() /home/ubuntu/workspace/message-board/vendor/laravel/framework/src/Illuminate/Container/Container.php:741
[07-Feb-2018 20:55:24 Asia/Tokyo] PHP  45. Composer\Autoload\ClassLoader->loadClass() /home/ubuntu/workspace/message-board/vendor/laravel/framework/src/Illuminate/Container/Container.php:741
[07-Feb-2018 20:55:24 Asia/Tokyo] PHP  46. Composer\Autoload\includeFile() /home/ubuntu/workspace/message-board/vendor/composer/ClassLoader.php:322
[07-Feb-2018 20:57:39 Asia/Tokyo] PHP Fatal error:  Cannot redeclare App\Http\Controllers\MessagesController::index() in /home/ubuntu/workspace/message-board/app/Http/Controllers/MessagesController.php on line 32
[07-Feb-2018 20:57:39 Asia/Tokyo] PHP Stack trace:
[07-Feb-2018 20:57:39 Asia/Tokyo] PHP   1. {main}() /home/ubuntu/workspace/message-board/server.php:0
[07-Feb-2018 20:57:39 Asia/Tokyo] PHP   2. require_once() /home/ubuntu/workspace/message-board/server.php:21
[07-Feb-2018 20:57:39 Asia/Tokyo] PHP   3. Illuminate\Foundation\Http\Kernel->handle() /home/ubuntu/workspace/message-board/public/index.php:54
[07-Feb-2018 20:57:39 Asia/Tokyo] PHP   4. Illuminate\Foundation\Http\Kernel->sendRequestThroughRouter() /home/ubuntu/workspace/message-board/vendor/laravel/framework/src/Illuminate/Foundation/Http/Kernel.php:87
[07-Feb-2018 20:57:39 Asia/Tokyo] PHP   5. Illuminate\Pipeline\Pipeline->then() /home/ubuntu/workspace/message-board/vendor/laravel/framework/src/Illuminate/Foundation/Http/Kernel.php:122
[07-Feb-2018 20:57:39 Asia/Tokyo] PHP   6. call_user_func:{/home/ubuntu/workspace/message-board/vendor/laravel/framework/src/Illuminate/Pipeline/Pipeline.php:103}() /home/ubuntu/workspace/message-board/vendor/laravel/framework/src/Illuminate/Pipeline/Pipeline.php:103
[07-Feb-2018 20:57:39 Asia/Tokyo] PHP   7. Illuminate\Pipeline\Pipeline->Illuminate\Pipeline\{closure}() /home/ubuntu/workspace/message-board/vendor/laravel/framework/src/Illuminate/Pipeline/Pipeline.php:103
[07-Feb-2018 20:57:39 Asia/Tokyo] PHP   8. call_user_func_array:{/home/ubuntu/workspace/message-board/vendor/laravel/framework/src/Illuminate/Pipeline/Pipeline.php:124}() /home/ubuntu/workspace/message-board/vendor/laravel/framework/src/Illuminate/Pipeline/Pipeline.php:124
[07-Feb-2018 20:57:39 Asia/Tokyo] PHP   9. Illuminate\Foundation\Http\Middleware\CheckForMaintenanceMode->handle() /home/ubuntu/workspace/message-board/vendor/laravel/framework/src/Illuminate/Pipeline/Pipeline.php:124
[07-Feb-2018 20:57:39 Asia/Tokyo] PHP  10. Illuminate\Pipeline\Pipeline->Illuminate\Pipeline\{closure}() /home/ubuntu/workspace/message-board/vendor/laravel/framework/src/Illuminate/Foundation/Http/Middleware/CheckForMaintenanceMode.php:44
[07-Feb-2018 20:57:39 Asia/Tokyo] PHP  11. call_user_func_array:{/home/ubuntu/workspace/message-board/vendor/laravel/framework/src/Illuminate/Pipeline/Pipeline.php:124}() /home/ubuntu/workspace/message-board/vendor/laravel/framework/src/Illuminate/Pipeline/Pipeline.php:124
[07-Feb-2018 20:57:39 Asia/Tokyo] PHP  12. Illuminate\Cookie\Middleware\EncryptCookies->handle() /home/ubuntu/workspace/message-board/vendor/laravel/framework/src/Illuminate/Pipeline/Pipeline.php:124
[07-Feb-2018 20:57:39 Asia/Tokyo] PHP  13. Illuminate\Pipeline\Pipeline->Illuminate\Pipeline\{closure}() /home/ubuntu/workspace/message-board/vendor/laravel/framework/src/Illuminate/Cookie/Middleware/EncryptCookies.php:59
[07-Feb-2018 20:57:39 Asia/Tokyo] PHP  14. call_user_func_array:{/home/ubuntu/workspace/message-board/vendor/laravel/framework/src/Illuminate/Pipeline/Pipeline.php:124}() /home/ubuntu/workspace/message-board/vendor/laravel/framework/src/Illuminate/Pipeline/Pipeline.php:124
[07-Feb-2018 20:57:39 Asia/Tokyo] PHP  15. Illuminate\Cookie\Middleware\AddQueuedCookiesToResponse->handle() /home/ubuntu/workspace/message-board/vendor/laravel/framework/src/Illuminate/Pipeline/Pipeline.php:124
[07-Feb-2018 20:57:39 Asia/Tokyo] PHP  16. Illuminate\Pipeline\Pipeline->Illuminate\Pipeline\{closure}() /home/ubuntu/workspace/message-board/vendor/laravel/framework/src/Illuminate/Cookie/Middleware/AddQueuedCookiesToResponse.php:37
[07-Feb-2018 20:57:39 Asia/Tokyo] PHP  17. call_user_func_array:{/home/ubuntu/workspace/message-board/vendor/laravel/framework/src/Illuminate/Pipeline/Pipeline.php:124}() /home/ubuntu/workspace/message-board/vendor/laravel/framework/src/Illuminate/Pipeline/Pipeline.php:124
[07-Feb-2018 20:57:39 Asia/Tokyo] PHP  18. Illuminate\Session\Middleware\StartSession->handle() /home/ubuntu/workspace/message-board/vendor/laravel/framework/src/Illuminate/Pipeline/Pipeline.php:124
[07-Feb-2018 20:57:39 Asia/Tokyo] PHP  19. Illuminate\Pipeline\Pipeline->Illuminate\Pipeline\{closure}() /home/ubuntu/workspace/message-board/vendor/laravel/framework/src/Illuminate/Session/Middleware/StartSession.php:62
[07-Feb-2018 20:57:39 Asia/Tokyo] PHP  20. call_user_func_array:{/home/ubuntu/workspace/message-board/vendor/laravel/framework/src/Illuminate/Pipeline/Pipeline.php:124}() /home/ubuntu/workspace/message-board/vendor/laravel/framework/src/Illuminate/Pipeline/Pipeline.php:124
[07-Feb-2018 20:57:39 Asia/Tokyo] PHP  21. Illuminate\View\Middleware\ShareErrorsFromSession->handle() /home/ubuntu/workspace/message-board/vendor/laravel/framework/src/Illuminate/Pipeline/Pipeline.php:124
[07-Feb-2018 20:57:39 Asia/Tokyo] PHP  22. Illuminate\Pipeline\Pipeline->Illuminate\Pipeline\{closure}() /home/ubuntu/workspace/message-board/vendor/laravel/framework/src/Illuminate/View/Middleware/ShareErrorsFromSession.php:49
[07-Feb-2018 20:57:39 Asia/Tokyo] PHP  23. call_user_func_array:{/home/ubuntu/workspace/message-board/vendor/laravel/framework/src/Illuminate/Pipeline/Pipeline.php:124}() /home/ubuntu/workspace/message-board/vendor/laravel/framework/src/Illuminate/Pipeline/Pipeline.php:124
[07-Feb-2018 20:57:39 Asia/Tokyo] PHP  24. Illuminate\Foundation\Http\Middleware\VerifyCsrfToken->handle() /home/ubuntu/workspace/message-board/vendor/laravel/framework/src/Illuminate/Pipeline/Pipeline.php:124
[07-Feb-2018 20:57:39 Asia/Tokyo] PHP  25. Illuminate\Pipeline\Pipeline->Illuminate\Pipeline\{closure}() /home/ubuntu/workspace/message-board/vendor/laravel/framework/src/Illuminate/Foundation/Http/Middleware/VerifyCsrfToken.php:50
[07-Feb-2018 20:57:39 Asia/Tokyo] PHP  26. call_user_func:{/home/ubuntu/workspace/message-board/vendor/laravel/framework/src/Illuminate/Pipeline/Pipeline.php:139}() /home/ubuntu/workspace/message-board/vendor/laravel/framework/src/Illuminate/Pipeline/Pipeline.php:139
[07-Feb-2018 20:57:39 Asia/Tokyo] PHP  27. Illuminate\Foundation\Http\Kernel->Illuminate\Foundation\Http\{closure}() /home/ubuntu/workspace/message-board/vendor/laravel/framework/src/Illuminate/Pipeline/Pipeline.php:139
[07-Feb-2018 20:57:39 Asia/Tokyo] PHP  28. Illuminate\Routing\Router->dispatch() /home/ubuntu/workspace/message-board/vendor/laravel/framework/src/Illuminate/Foundation/Http/Kernel.php:236
[07-Feb-2018 20:57:39 Asia/Tokyo] PHP  29. Illuminate\Routing\Router->dispatchToRoute() /home/ubuntu/workspace/message-board/vendor/laravel/framework/src/Illuminate/Routing/Router.php:635
[07-Feb-2018 20:57:39 Asia/Tokyo] PHP  30. Illuminate\Routing\Router->runRouteWithinStack() /home/ubuntu/workspace/message-board/vendor/laravel/framework/src/Illuminate/Routing/Router.php:675
[07-Feb-2018 20:57:39 Asia/Tokyo] PHP  31. Illuminate\Pipeline\Pipeline->then() /home/ubuntu/workspace/message-board/vendor/laravel/framework/src/Illuminate/Routing/Router.php:710
[07-Feb-2018 20:57:39 Asia/Tokyo] PHP  32. call_user_func:{/home/ubuntu/workspace/message-board/vendor/laravel/framework/src/Illuminate/Pipeline/Pipeline.php:103}() /home/ubuntu/workspace/message-board/vendor/laravel/framework/src/Illuminate/Pipeline/Pipeline.php:103
[07-Feb-2018 20:57:39 Asia/Tokyo] PHP  33. Illuminate\Pipeline\Pipeline->Illuminate\Pipeline\{closure}() /home/ubuntu/workspace/message-board/vendor/laravel/framework/src/Illuminate/Pipeline/Pipeline.php:103
[07-Feb-2018 20:57:39 Asia/Tokyo] PHP  34. call_user_func:{/home/ubuntu/workspace/message-board/vendor/laravel/framework/src/Illuminate/Pipeline/Pipeline.php:139}() /home/ubuntu/workspace/message-board/vendor/laravel/framework/src/Illuminate/Pipeline/Pipeline.php:139
[07-Feb-2018 20:57:39 Asia/Tokyo] PHP  35. Illuminate\Routing\Router->Illuminate\Routing\{closure}() /home/ubuntu/workspace/message-board/vendor/laravel/framework/src/Illuminate/Pipeline/Pipeline.php:139
[07-Feb-2018 20:57:39 Asia/Tokyo] PHP  36. Illuminate\Routing\Route->run() /home/ubuntu/workspace/message-board/vendor/laravel/framework/src/Illuminate/Routing/Router.php:708
[07-Feb-2018 20:57:39 Asia/Tokyo] PHP  37. Illuminate\Routing\Route->runWithCustomDispatcher() /home/ubuntu/workspace/message-board/vendor/laravel/framework/src/Illuminate/Routing/Route.php:134
[07-Feb-2018 20:57:39 Asia/Tokyo] PHP  38. Illuminate\Routing\ControllerDispatcher->dispatch() /home/ubuntu/workspace/message-board/vendor/laravel/framework/src/Illuminate/Routing/Route.php:203
[07-Feb-2018 20:57:39 Asia/Tokyo] PHP  39. Illuminate\Routing\ControllerDispatcher->makeController() /home/ubuntu/workspace/message-board/vendor/laravel/framework/src/Illuminate/Routing/ControllerDispatcher.php:57
[07-Feb-2018 20:57:39 Asia/Tokyo] PHP  40. Illuminate\Foundation\Application->make() /home/ubuntu/workspace/message-board/vendor/laravel/framework/src/Illuminate/Routing/ControllerDispatcher.php:85
[07-Feb-2018 20:57:39 Asia/Tokyo] PHP  41. Illuminate\Container\Container->make() /home/ubuntu/workspace/message-board/vendor/laravel/framework/src/Illuminate/Foundation/Application.php:674
[07-Feb-2018 20:57:39 Asia/Tokyo] PHP  42. Illuminate\Container\Container->build() /home/ubuntu/workspace/message-board/vendor/laravel/framework/src/Illuminate/Container/Container.php:631
[07-Feb-2018 20:57:39 Asia/Tokyo] PHP  43. ReflectionClass->__construct() /home/ubuntu/workspace/message-board/vendor/laravel/framework/src/Illuminate/Container/Container.php:741
[07-Feb-2018 20:57:39 Asia/Tokyo] PHP  44. spl_autoload_call() /home/ubuntu/workspace/message-board/vendor/laravel/framework/src/Illuminate/Container/Container.php:741
[07-Feb-2018 20:57:39 Asia/Tokyo] PHP  45. Composer\Autoload\ClassLoader->loadClass() /home/ubuntu/workspace/message-board/vendor/laravel/framework/src/Illuminate/Container/Container.php:741
[07-Feb-2018 20:57:39 Asia/Tokyo] PHP  46. Composer\Autoload\includeFile() /home/ubuntu/workspace/message-board/vendor/composer/ClassLoader.php:322
[07-Feb-2018 21:06:23 Asia/Tokyo] PHP Fatal error:  Cannot redeclare App\Http\Controllers\MessagesController::show() in /home/ubuntu/workspace/message-board/app/Http/Controllers/MessagesController.php on line 69
[07-Feb-2018 21:06:23 Asia/Tokyo] PHP Stack trace:
[07-Feb-2018 21:06:23 Asia/Tokyo] PHP   1. {main}() /home/ubuntu/workspace/message-board/server.php:0
[07-Feb-2018 21:06:23 Asia/Tokyo] PHP   2. require_once() /home/ubuntu/workspace/message-board/server.php:21
[07-Feb-2018 21:06:23 Asia/Tokyo] PHP   3. Illuminate\Foundation\Http\Kernel->handle() /home/ubuntu/workspace/message-board/public/index.php:54
[07-Feb-2018 21:06:23 Asia/Tokyo] PHP   4. Illuminate\Foundation\Http\Kernel->sendRequestThroughRouter() /home/ubuntu/workspace/message-board/vendor/laravel/framework/src/Illuminate/Foundation/Http/Kernel.php:87
[07-Feb-2018 21:06:23 Asia/Tokyo] PHP   5. Illuminate\Pipeline\Pipeline->then() /home/ubuntu/workspace/message-board/vendor/laravel/framework/src/Illuminate/Foundation/Http/Kernel.php:122
[07-Feb-2018 21:06:23 Asia/Tokyo] PHP   6. call_user_func:{/home/ubuntu/workspace/message-board/vendor/laravel/framework/src/Illuminate/Pipeline/Pipeline.php:103}() /home/ubuntu/workspace/message-board/vendor/laravel/framework/src/Illuminate/Pipeline/Pipeline.php:103
[07-Feb-2018 21:06:23 Asia/Tokyo] PHP   7. Illuminate\Pipeline\Pipeline->Illuminate\Pipeline\{closure}() /home/ubuntu/workspace/message-board/vendor/laravel/framework/src/Illuminate/Pipeline/Pipeline.php:103
[07-Feb-2018 21:06:23 Asia/Tokyo] PHP   8. call_user_func_array:{/home/ubuntu/workspace/message-board/vendor/laravel/framework/src/Illuminate/Pipeline/Pipeline.php:124}() /home/ubuntu/workspace/message-board/vendor/laravel/framework/src/Illuminate/Pipeline/Pipeline.php:124
[07-Feb-2018 21:06:23 Asia/Tokyo] PHP   9. Illuminate\Foundation\Http\Middleware\CheckForMaintenanceMode->handle() /home/ubuntu/workspace/message-board/vendor/laravel/framework/src/Illuminate/Pipeline/Pipeline.php:124
[07-Feb-2018 21:06:23 Asia/Tokyo] PHP  10. Illuminate\Pipeline\Pipeline->Illuminate\Pipeline\{closure}() /home/ubuntu/workspace/message-board/vendor/laravel/framework/src/Illuminate/Foundation/Http/Middleware/CheckForMaintenanceMode.php:44
[07-Feb-2018 21:06:23 Asia/Tokyo] PHP  11. call_user_func_array:{/home/ubuntu/workspace/message-board/vendor/laravel/framework/src/Illuminate/Pipeline/Pipeline.php:124}() /home/ubuntu/workspace/message-board/vendor/laravel/framework/src/Illuminate/Pipeline/Pipeline.php:124
[07-Feb-2018 21:06:23 Asia/Tokyo] PHP  12. Illuminate\Cookie\Middleware\EncryptCookies->handle() /home/ubuntu/workspace/message-board/vendor/laravel/framework/src/Illuminate/Pipeline/Pipeline.php:124
[07-Feb-2018 21:06:23 Asia/Tokyo] PHP  13. Illuminate\Pipeline\Pipeline->Illuminate\Pipeline\{closure}() /home/ubuntu/workspace/message-board/vendor/laravel/framework/src/Illuminate/Cookie/Middleware/EncryptCookies.php:59
[07-Feb-2018 21:06:23 Asia/Tokyo] PHP  14. call_user_func_array:{/home/ubuntu/workspace/message-board/vendor/laravel/framework/src/Illuminate/Pipeline/Pipeline.php:124}() /home/ubuntu/workspace/message-board/vendor/laravel/framework/src/Illuminate/Pipeline/Pipeline.php:124
[07-Feb-2018 21:06:23 Asia/Tokyo] PHP  15. Illuminate\Cookie\Middleware\AddQueuedCookiesToResponse->handle() /home/ubuntu/workspace/message-board/vendor/laravel/framework/src/Illuminate/Pipeline/Pipeline.php:124
[07-Feb-2018 21:06:23 Asia/Tokyo] PHP  16. Illuminate\Pipeline\Pipeline->Illuminate\Pipeline\{closure}() /home/ubuntu/workspace/message-board/vendor/laravel/framework/src/Illuminate/Cookie/Middleware/AddQueuedCookiesToResponse.php:37
[07-Feb-2018 21:06:23 Asia/Tokyo] PHP  17. call_user_func_array:{/home/ubuntu/workspace/message-board/vendor/laravel/framework/src/Illuminate/Pipeline/Pipeline.php:124}() /home/ubuntu/workspace/message-board/vendor/laravel/framework/src/Illuminate/Pipeline/Pipeline.php:124
[07-Feb-2018 21:06:23 Asia/Tokyo] PHP  18. Illuminate\Session\Middleware\StartSession->handle() /home/ubuntu/workspace/message-board/vendor/laravel/framework/src/Illuminate/Pipeline/Pipeline.php:124
[07-Feb-2018 21:06:23 Asia/Tokyo] PHP  19. Illuminate\Pipeline\Pipeline->Illuminate\Pipeline\{closure}() /home/ubuntu/workspace/message-board/vendor/laravel/framework/src/Illuminate/Session/Middleware/StartSession.php:62
[07-Feb-2018 21:06:23 Asia/Tokyo] PHP  20. call_user_func_array:{/home/ubuntu/workspace/message-board/vendor/laravel/framework/src/Illuminate/Pipeline/Pipeline.php:124}() /home/ubuntu/workspace/message-board/vendor/laravel/framework/src/Illuminate/Pipeline/Pipeline.php:124
[07-Feb-2018 21:06:23 Asia/Tokyo] PHP  21. Illuminate\View\Middleware\ShareErrorsFromSession->handle() /home/ubuntu/workspace/message-board/vendor/laravel/framework/src/Illuminate/Pipeline/Pipeline.php:124
[07-Feb-2018 21:06:23 Asia/Tokyo] PHP  22. Illuminate\Pipeline\Pipeline->Illuminate\Pipeline\{closure}() /home/ubuntu/workspace/message-board/vendor/laravel/framework/src/Illuminate/View/Middleware/ShareErrorsFromSession.php:49
[07-Feb-2018 21:06:23 Asia/Tokyo] PHP  23. call_user_func_array:{/home/ubuntu/workspace/message-board/vendor/laravel/framework/src/Illuminate/Pipeline/Pipeline.php:124}() /home/ubuntu/workspace/message-board/vendor/laravel/framework/src/Illuminate/Pipeline/Pipeline.php:124
[07-Feb-2018 21:06:23 Asia/Tokyo] PHP  24. Illuminate\Foundation\Http\Middleware\VerifyCsrfToken->handle() /home/ubuntu/workspace/message-board/vendor/laravel/framework/src/Illuminate/Pipeline/Pipeline.php:124
[07-Feb-2018 21:06:23 Asia/Tokyo] PHP  25. Illuminate\Pipeline\Pipeline->Illuminate\Pipeline\{closure}() /home/ubuntu/workspace/message-board/vendor/laravel/framework/src/Illuminate/Foundation/Http/Middleware/VerifyCsrfToken.php:50
[07-Feb-2018 21:06:23 Asia/Tokyo] PHP  26. call_user_func:{/home/ubuntu/workspace/message-board/vendor/laravel/framework/src/Illuminate/Pipeline/Pipeline.php:139}() /home/ubuntu/workspace/message-board/vendor/laravel/framework/src/Illuminate/Pipeline/Pipeline.php:139
[07-Feb-2018 21:06:23 Asia/Tokyo] PHP  27. Illuminate\Foundation\Http\Kernel->Illuminate\Foundation\Http\{closure}() /home/ubuntu/workspace/message-board/vendor/laravel/framework/src/Illuminate/Pipeline/Pipeline.php:139
[07-Feb-2018 21:06:23 Asia/Tokyo] PHP  28. Illuminate\Routing\Router->dispatch() /home/ubuntu/workspace/message-board/vendor/laravel/framework/src/Illuminate/Foundation/Http/Kernel.php:236
[07-Feb-2018 21:06:23 Asia/Tokyo] PHP  29. Illuminate\Routing\Router->dispatchToRoute() /home/ubuntu/workspace/message-board/vendor/laravel/framework/src/Illuminate/Routing/Router.php:635
[07-Feb-2018 21:06:23 Asia/Tokyo] PHP  30. Illuminate\Routing\Router->runRouteWithinStack() /home/ubuntu/workspace/message-board/vendor/laravel/framework/src/Illuminate/Routing/Router.php:675
[07-Feb-2018 21:06:23 Asia/Tokyo] PHP  31. Illuminate\Pipeline\Pipeline->then() /home/ubuntu/workspace/message-board/vendor/laravel/framework/src/Illuminate/Routing/Router.php:710
[07-Feb-2018 21:06:23 Asia/Tokyo] PHP  32. call_user_func:{/home/ubuntu/workspace/message-board/vendor/laravel/framework/src/Illuminate/Pipeline/Pipeline.php:103}() /home/ubuntu/workspace/message-board/vendor/laravel/framework/src/Illuminate/Pipeline/Pipeline.php:103
[07-Feb-2018 21:06:23 Asia/Tokyo] PHP  33. Illuminate\Pipeline\Pipeline->Illuminate\Pipeline\{closure}() /home/ubuntu/workspace/message-board/vendor/laravel/framework/src/Illuminate/Pipeline/Pipeline.php:103
[07-Feb-2018 21:06:23 Asia/Tokyo] PHP  34. call_user_func:{/home/ubuntu/workspace/message-board/vendor/laravel/framework/src/Illuminate/Pipeline/Pipeline.php:139}() /home/ubuntu/workspace/message-board/vendor/laravel/framework/src/Illuminate/Pipeline/Pipeline.php:139
[07-Feb-2018 21:06:23 Asia/Tokyo] PHP  35. Illuminate\Routing\Router->Illuminate\Routing\{closure}() /home/ubuntu/workspace/message-board/vendor/laravel/framework/src/Illuminate/Pipeline/Pipeline.php:139
[07-Feb-2018 21:06:23 Asia/Tokyo] PHP  36. Illuminate\Routing\Route->run() /home/ubuntu/workspace/message-board/vendor/laravel/framework/src/Illuminate/Routing/Router.php:708
[07-Feb-2018 21:06:23 Asia/Tokyo] PHP  37. Illuminate\Routing\Route->runWithCustomDispatcher() /home/ubuntu/workspace/message-board/vendor/laravel/framework/src/Illuminate/Routing/Route.php:134
[07-Feb-2018 21:06:23 Asia/Tokyo] PHP  38. Illuminate\Routing\ControllerDispatcher->dispatch() /home/ubuntu/workspace/message-board/vendor/laravel/framework/src/Illuminate/Routing/Route.php:203
[07-Feb-2018 21:06:23 Asia/Tokyo] PHP  39. Illuminate\Routing\ControllerDispatcher->makeController() /home/ubuntu/workspace/message-board/vendor/laravel/framework/src/Illuminate/Routing/ControllerDispatcher.php:57
[07-Feb-2018 21:06:23 Asia/Tokyo] PHP  40. Illuminate\Foundation\Application->make() /home/ubuntu/workspace/message-board/vendor/laravel/framework/src/Illuminate/Routing/ControllerDispatcher.php:85
[07-Feb-2018 21:06:23 Asia/Tokyo] PHP  41. Illuminate\Container\Container->make() /home/ubuntu/workspace/message-board/vendor/laravel/framework/src/Illuminate/Foundation/Application.php:674
[07-Feb-2018 21:06:23 Asia/Tokyo] PHP  42. Illuminate\Container\Container->build() /home/ubuntu/workspace/message-board/vendor/laravel/framework/src/Illuminate/Container/Container.php:631
[07-Feb-2018 21:06:23 Asia/Tokyo] PHP  43. ReflectionClass->__construct() /home/ubuntu/workspace/message-board/vendor/laravel/framework/src/Illuminate/Container/Container.php:741
[07-Feb-2018 21:06:23 Asia/Tokyo] PHP  44. spl_autoload_call() /home/ubuntu/workspace/message-board/vendor/laravel/framework/src/Illuminate/Container/Container.php:741
[07-Feb-2018 21:06:23 Asia/Tokyo] PHP  45. Composer\Autoload\ClassLoader->loadClass() /home/ubuntu/workspace/message-board/vendor/laravel/framework/src/Illuminate/Container/Container.php:741
[07-Feb-2018 21:06:23 Asia/Tokyo] PHP  46. Composer\Autoload\includeFile() /home/ubuntu/workspace/message-board/vendor/composer/ClassLoader.php:322
[07-Feb-2018 21:06:32 Asia/Tokyo] PHP Fatal error:  Cannot redeclare App\Http\Controllers\MessagesController::show() in /home/ubuntu/workspace/message-board/app/Http/Controllers/MessagesController.php on line 69
[07-Feb-2018 21:06:32 Asia/Tokyo] PHP Stack trace:
[07-Feb-2018 21:06:32 Asia/Tokyo] PHP   1. {main}() /home/ubuntu/workspace/message-board/server.php:0
[07-Feb-2018 21:06:32 Asia/Tokyo] PHP   2. require_once() /home/ubuntu/workspace/message-board/server.php:21
[07-Feb-2018 21:06:32 Asia/Tokyo] PHP   3. Illuminate\Foundation\Http\Kernel->handle() /home/ubuntu/workspace/message-board/public/index.php:54
[07-Feb-2018 21:06:32 Asia/Tokyo] PHP   4. Illuminate\Foundation\Http\Kernel->sendRequestThroughRouter() /home/ubuntu/workspace/message-board/vendor/laravel/framework/src/Illuminate/Foundation/Http/Kernel.php:87
[07-Feb-2018 21:06:32 Asia/Tokyo] PHP   5. Illuminate\Pipeline\Pipeline->then() /home/ubuntu/workspace/message-board/vendor/laravel/framework/src/Illuminate/Foundation/Http/Kernel.php:122
[07-Feb-2018 21:06:32 Asia/Tokyo] PHP   6. call_user_func:{/home/ubuntu/workspace/message-board/vendor/laravel/framework/src/Illuminate/Pipeline/Pipeline.php:103}() /home/ubuntu/workspace/message-board/vendor/laravel/framework/src/Illuminate/Pipeline/Pipeline.php:103
[07-Feb-2018 21:06:32 Asia/Tokyo] PHP   7. Illuminate\Pipeline\Pipeline->Illuminate\Pipeline\{closure}() /home/ubuntu/workspace/message-board/vendor/laravel/framework/src/Illuminate/Pipeline/Pipeline.php:103
[07-Feb-2018 21:06:32 Asia/Tokyo] PHP   8. call_user_func_array:{/home/ubuntu/workspace/message-board/vendor/laravel/framework/src/Illuminate/Pipeline/Pipeline.php:124}() /home/ubuntu/workspace/message-board/vendor/laravel/framework/src/Illuminate/Pipeline/Pipeline.php:124
[07-Feb-2018 21:06:32 Asia/Tokyo] PHP   9. Illuminate\Foundation\Http\Middleware\CheckForMaintenanceMode->handle() /home/ubuntu/workspace/message-board/vendor/laravel/framework/src/Illuminate/Pipeline/Pipeline.php:124
[07-Feb-2018 21:06:32 Asia/Tokyo] PHP  10. Illuminate\Pipeline\Pipeline->Illuminate\Pipeline\{closure}() /home/ubuntu/workspace/message-board/vendor/laravel/framework/src/Illuminate/Foundation/Http/Middleware/CheckForMaintenanceMode.php:44
[07-Feb-2018 21:06:32 Asia/Tokyo] PHP  11. call_user_func_array:{/home/ubuntu/workspace/message-board/vendor/laravel/framework/src/Illuminate/Pipeline/Pipeline.php:124}() /home/ubuntu/workspace/message-board/vendor/laravel/framework/src/Illuminate/Pipeline/Pipeline.php:124
[07-Feb-2018 21:06:32 Asia/Tokyo] PHP  12. Illuminate\Cookie\Middleware\EncryptCookies->handle() /home/ubuntu/workspace/message-board/vendor/laravel/framework/src/Illuminate/Pipeline/Pipeline.php:124
[07-Feb-2018 21:06:32 Asia/Tokyo] PHP  13. Illuminate\Pipeline\Pipeline->Illuminate\Pipeline\{closure}() /home/ubuntu/workspace/message-board/vendor/laravel/framework/src/Illuminate/Cookie/Middleware/EncryptCookies.php:59
[07-Feb-2018 21:06:32 Asia/Tokyo] PHP  14. call_user_func_array:{/home/ubuntu/workspace/message-board/vendor/laravel/framework/src/Illuminate/Pipeline/Pipeline.php:124}() /home/ubuntu/workspace/message-board/vendor/laravel/framework/src/Illuminate/Pipeline/Pipeline.php:124
[07-Feb-2018 21:06:32 Asia/Tokyo] PHP  15. Illuminate\Cookie\Middleware\AddQueuedCookiesToResponse->handle() /home/ubuntu/workspace/message-board/vendor/laravel/framework/src/Illuminate/Pipeline/Pipeline.php:124
[07-Feb-2018 21:06:32 Asia/Tokyo] PHP  16. Illuminate\Pipeline\Pipeline->Illuminate\Pipeline\{closure}() /home/ubuntu/workspace/message-board/vendor/laravel/framework/src/Illuminate/Cookie/Middleware/AddQueuedCookiesToResponse.php:37
[07-Feb-2018 21:06:32 Asia/Tokyo] PHP  17. call_user_func_array:{/home/ubuntu/workspace/message-board/vendor/laravel/framework/src/Illuminate/Pipeline/Pipeline.php:124}() /home/ubuntu/workspace/message-board/vendor/laravel/framework/src/Illuminate/Pipeline/Pipeline.php:124
[07-Feb-2018 21:06:32 Asia/Tokyo] PHP  18. Illuminate\Session\Middleware\StartSession->handle() /home/ubuntu/workspace/message-board/vendor/laravel/framework/src/Illuminate/Pipeline/Pipeline.php:124
[07-Feb-2018 21:06:32 Asia/Tokyo] PHP  19. Illuminate\Pipeline\Pipeline->Illuminate\Pipeline\{closure}() /home/ubuntu/workspace/message-board/vendor/laravel/framework/src/Illuminate/Session/Middleware/StartSession.php:62
[07-Feb-2018 21:06:32 Asia/Tokyo] PHP  20. call_user_func_array:{/home/ubuntu/workspace/message-board/vendor/laravel/framework/src/Illuminate/Pipeline/Pipeline.php:124}() /home/ubuntu/workspace/message-board/vendor/laravel/framework/src/Illuminate/Pipeline/Pipeline.php:124
[07-Feb-2018 21:06:32 Asia/Tokyo] PHP  21. Illuminate\View\Middleware\ShareErrorsFromSession->handle() /home/ubuntu/workspace/message-board/vendor/laravel/framework/src/Illuminate/Pipeline/Pipeline.php:124
[07-Feb-2018 21:06:32 Asia/Tokyo] PHP  22. Illuminate\Pipeline\Pipeline->Illuminate\Pipeline\{closure}() /home/ubuntu/workspace/message-board/vendor/laravel/framework/src/Illuminate/View/Middleware/ShareErrorsFromSession.php:49
[07-Feb-2018 21:06:32 Asia/Tokyo] PHP  23. call_user_func_array:{/home/ubuntu/workspace/message-board/vendor/laravel/framework/src/Illuminate/Pipeline/Pipeline.php:124}() /home/ubuntu/workspace/message-board/vendor/laravel/framework/src/Illuminate/Pipeline/Pipeline.php:124
[07-Feb-2018 21:06:32 Asia/Tokyo] PHP  24. Illuminate\Foundation\Http\Middleware\VerifyCsrfToken->handle() /home/ubuntu/workspace/message-board/vendor/laravel/framework/src/Illuminate/Pipeline/Pipeline.php:124
[07-Feb-2018 21:06:32 Asia/Tokyo] PHP  25. Illuminate\Pipeline\Pipeline->Illuminate\Pipeline\{closure}() /home/ubuntu/workspace/message-board/vendor/laravel/framework/src/Illuminate/Foundation/Http/Middleware/VerifyCsrfToken.php:50
[07-Feb-2018 21:06:32 Asia/Tokyo] PHP  26. call_user_func:{/home/ubuntu/workspace/message-board/vendor/laravel/framework/src/Illuminate/Pipeline/Pipeline.php:139}() /home/ubuntu/workspace/message-board/vendor/laravel/framework/src/Illuminate/Pipeline/Pipeline.php:139
[07-Feb-2018 21:06:32 Asia/Tokyo] PHP  27. Illuminate\Foundation\Http\Kernel->Illuminate\Foundation\Http\{closure}() /home/ubuntu/workspace/message-board/vendor/laravel/framework/src/Illuminate/Pipeline/Pipeline.php:139
[07-Feb-2018 21:06:32 Asia/Tokyo] PHP  28. Illuminate\Routing\Router->dispatch() /home/ubuntu/workspace/message-board/vendor/laravel/framework/src/Illuminate/Foundation/Http/Kernel.php:236
[07-Feb-2018 21:06:32 Asia/Tokyo] PHP  29. Illuminate\Routing\Router->dispatchToRoute() /home/ubuntu/workspace/message-board/vendor/laravel/framework/src/Illuminate/Routing/Router.php:635
[07-Feb-2018 21:06:32 Asia/Tokyo] PHP  30. Illuminate\Routing\Router->runRouteWithinStack() /home/ubuntu/workspace/message-board/vendor/laravel/framework/src/Illuminate/Routing/Router.php:675
[07-Feb-2018 21:06:32 Asia/Tokyo] PHP  31. Illuminate\Pipeline\Pipeline->then() /home/ubuntu/workspace/message-board/vendor/laravel/framework/src/Illuminate/Routing/Router.php:710
[07-Feb-2018 21:06:32 Asia/Tokyo] PHP  32. call_user_func:{/home/ubuntu/workspace/message-board/vendor/laravel/framework/src/Illuminate/Pipeline/Pipeline.php:103}() /home/ubuntu/workspace/message-board/vendor/laravel/framework/src/Illuminate/Pipeline/Pipeline.php:103
[07-Feb-2018 21:06:32 Asia/Tokyo] PHP  33. Illuminate\Pipeline\Pipeline->Illuminate\Pipeline\{closure}() /home/ubuntu/workspace/message-board/vendor/laravel/framework/src/Illuminate/Pipeline/Pipeline.php:103
[07-Feb-2018 21:06:32 Asia/Tokyo] PHP  34. call_user_func:{/home/ubuntu/workspace/message-board/vendor/laravel/framework/src/Illuminate/Pipeline/Pipeline.php:139}() /home/ubuntu/workspace/message-board/vendor/laravel/framework/src/Illuminate/Pipeline/Pipeline.php:139
[07-Feb-2018 21:06:32 Asia/Tokyo] PHP  35. Illuminate\Routing\Router->Illuminate\Routing\{closure}() /home/ubuntu/workspace/message-board/vendor/laravel/framework/src/Illuminate/Pipeline/Pipeline.php:139
[07-Feb-2018 21:06:32 Asia/Tokyo] PHP  36. Illuminate\Routing\Route->run() /home/ubuntu/workspace/message-board/vendor/laravel/framework/src/Illuminate/Routing/Router.php:708
[07-Feb-2018 21:06:32 Asia/Tokyo] PHP  37. Illuminate\Routing\Route->runWithCustomDispatcher() /home/ubuntu/workspace/message-board/vendor/laravel/framework/src/Illuminate/Routing/Route.php:134
[07-Feb-2018 21:06:32 Asia/Tokyo] PHP  38. Illuminate\Routing\ControllerDispatcher->dispatch() /home/ubuntu/workspace/message-board/vendor/laravel/framework/src/Illuminate/Routing/Route.php:203
[07-Feb-2018 21:06:32 Asia/Tokyo] PHP  39. Illuminate\Routing\ControllerDispatcher->makeController() /home/ubuntu/workspace/message-board/vendor/laravel/framework/src/Illuminate/Routing/ControllerDispatcher.php:57
[07-Feb-2018 21:06:32 Asia/Tokyo] PHP  40. Illuminate\Foundation\Application->make() /home/ubuntu/workspace/message-board/vendor/laravel/framework/src/Illuminate/Routing/ControllerDispatcher.php:85
[07-Feb-2018 21:06:32 Asia/Tokyo] PHP  41. Illuminate\Container\Container->make() /home/ubuntu/workspace/message-board/vendor/laravel/framework/src/Illuminate/Foundation/Application.php:674
[07-Feb-2018 21:06:32 Asia/Tokyo] PHP  42. Illuminate\Container\Container->build() /home/ubuntu/workspace/message-board/vendor/laravel/framework/src/Illuminate/Container/Container.php:631
[07-Feb-2018 21:06:32 Asia/Tokyo] PHP  43. ReflectionClass->__construct() /home/ubuntu/workspace/message-board/vendor/laravel/framework/src/Illuminate/Container/Container.php:741
[07-Feb-2018 21:06:32 Asia/Tokyo] PHP  44. spl_autoload_call() /home/ubuntu/workspace/message-board/vendor/laravel/framework/src/Illuminate/Container/Container.php:741
[07-Feb-2018 21:06:32 Asia/Tokyo] PHP  45. Composer\Autoload\ClassLoader->loadClass() /home/ubuntu/workspace/message-board/vendor/laravel/framework/src/Illuminate/Container/Container.php:741
[07-Feb-2018 21:06:32 Asia/Tokyo] PHP  46. Composer\Autoload\includeFile() /home/ubuntu/workspace/message-board/vendor/composer/ClassLoader.php:322
[07-Feb-2018 21:09:01 Asia/Tokyo] PHP Fatal error:  Cannot redeclare App\Http\Controllers\MessagesController::show() in /home/ubuntu/workspace/message-board/app/Http/Controllers/MessagesController.php on line 69
[07-Feb-2018 21:09:01 Asia/Tokyo] PHP Stack trace:
[07-Feb-2018 21:09:01 Asia/Tokyo] PHP   1. {main}() /home/ubuntu/workspace/message-board/server.php:0
[07-Feb-2018 21:09:01 Asia/Tokyo] PHP   2. require_once() /home/ubuntu/workspace/message-board/server.php:21
[07-Feb-2018 21:09:01 Asia/Tokyo] PHP   3. Illuminate\Foundation\Http\Kernel->handle() /home/ubuntu/workspace/message-board/public/index.php:54
[07-Feb-2018 21:09:01 Asia/Tokyo] PHP   4. Illuminate\Foundation\Http\Kernel->sendRequestThroughRouter() /home/ubuntu/workspace/message-board/vendor/laravel/framework/src/Illuminate/Foundation/Http/Kernel.php:87
[07-Feb-2018 21:09:01 Asia/Tokyo] PHP   5. Illuminate\Pipeline\Pipeline->then() /home/ubuntu/workspace/message-board/vendor/laravel/framework/src/Illuminate/Foundation/Http/Kernel.php:122
[07-Feb-2018 21:09:01 Asia/Tokyo] PHP   6. call_user_func:{/home/ubuntu/workspace/message-board/vendor/laravel/framework/src/Illuminate/Pipeline/Pipeline.php:103}() /home/ubuntu/workspace/message-board/vendor/laravel/framework/src/Illuminate/Pipeline/Pipeline.php:103
[07-Feb-2018 21:09:01 Asia/Tokyo] PHP   7. Illuminate\Pipeline\Pipeline->Illuminate\Pipeline\{closure}() /home/ubuntu/workspace/message-board/vendor/laravel/framework/src/Illuminate/Pipeline/Pipeline.php:103
[07-Feb-2018 21:09:01 Asia/Tokyo] PHP   8. call_user_func_array:{/home/ubuntu/workspace/message-board/vendor/laravel/framework/src/Illuminate/Pipeline/Pipeline.php:124}() /home/ubuntu/workspace/message-board/vendor/laravel/framework/src/Illuminate/Pipeline/Pipeline.php:124
[07-Feb-2018 21:09:01 Asia/Tokyo] PHP   9. Illuminate\Foundation\Http\Middleware\CheckForMaintenanceMode->handle() /home/ubuntu/workspace/message-board/vendor/laravel/framework/src/Illuminate/Pipeline/Pipeline.php:124
[07-Feb-2018 21:09:01 Asia/Tokyo] PHP  10. Illuminate\Pipeline\Pipeline->Illuminate\Pipeline\{closure}() /home/ubuntu/workspace/message-board/vendor/laravel/framework/src/Illuminate/Foundation/Http/Middleware/CheckForMaintenanceMode.php:44
[07-Feb-2018 21:09:01 Asia/Tokyo] PHP  11. call_user_func_array:{/home/ubuntu/workspace/message-board/vendor/laravel/framework/src/Illuminate/Pipeline/Pipeline.php:124}() /home/ubuntu/workspace/message-board/vendor/laravel/framework/src/Illuminate/Pipeline/Pipeline.php:124
[07-Feb-2018 21:09:01 Asia/Tokyo] PHP  12. Illuminate\Cookie\Middleware\EncryptCookies->handle() /home/ubuntu/workspace/message-board/vendor/laravel/framework/src/Illuminate/Pipeline/Pipeline.php:124
[07-Feb-2018 21:09:01 Asia/Tokyo] PHP  13. Illuminate\Pipeline\Pipeline->Illuminate\Pipeline\{closure}() /home/ubuntu/workspace/message-board/vendor/laravel/framework/src/Illuminate/Cookie/Middleware/EncryptCookies.php:59
[07-Feb-2018 21:09:01 Asia/Tokyo] PHP  14. call_user_func_array:{/home/ubuntu/workspace/message-board/vendor/laravel/framework/src/Illuminate/Pipeline/Pipeline.php:124}() /home/ubuntu/workspace/message-board/vendor/laravel/framework/src/Illuminate/Pipeline/Pipeline.php:124
[07-Feb-2018 21:09:01 Asia/Tokyo] PHP  15. Illuminate\Cookie\Middleware\AddQueuedCookiesToResponse->handle() /home/ubuntu/workspace/message-board/vendor/laravel/framework/src/Illuminate/Pipeline/Pipeline.php:124
[07-Feb-2018 21:09:01 Asia/Tokyo] PHP  16. Illuminate\Pipeline\Pipeline->Illuminate\Pipeline\{closure}() /home/ubuntu/workspace/message-board/vendor/laravel/framework/src/Illuminate/Cookie/Middleware/AddQueuedCookiesToResponse.php:37
[07-Feb-2018 21:09:01 Asia/Tokyo] PHP  17. call_user_func_array:{/home/ubuntu/workspace/message-board/vendor/laravel/framework/src/Illuminate/Pipeline/Pipeline.php:124}() /home/ubuntu/workspace/message-board/vendor/laravel/framework/src/Illuminate/Pipeline/Pipeline.php:124
[07-Feb-2018 21:09:01 Asia/Tokyo] PHP  18. Illuminate\Session\Middleware\StartSession->handle() /home/ubuntu/workspace/message-board/vendor/laravel/framework/src/Illuminate/Pipeline/Pipeline.php:124
[07-Feb-2018 21:09:01 Asia/Tokyo] PHP  19. Illuminate\Pipeline\Pipeline->Illuminate\Pipeline\{closure}() /home/ubuntu/workspace/message-board/vendor/laravel/framework/src/Illuminate/Session/Middleware/StartSession.php:62
[07-Feb-2018 21:09:01 Asia/Tokyo] PHP  20. call_user_func_array:{/home/ubuntu/workspace/message-board/vendor/laravel/framework/src/Illuminate/Pipeline/Pipeline.php:124}() /home/ubuntu/workspace/message-board/vendor/laravel/framework/src/Illuminate/Pipeline/Pipeline.php:124
[07-Feb-2018 21:09:01 Asia/Tokyo] PHP  21. Illuminate\View\Middleware\ShareErrorsFromSession->handle() /home/ubuntu/workspace/message-board/vendor/laravel/framework/src/Illuminate/Pipeline/Pipeline.php:124
[07-Feb-2018 21:09:01 Asia/Tokyo] PHP  22. Illuminate\Pipeline\Pipeline->Illuminate\Pipeline\{closure}() /home/ubuntu/workspace/message-board/vendor/laravel/framework/src/Illuminate/View/Middleware/ShareErrorsFromSession.php:49
[07-Feb-2018 21:09:01 Asia/Tokyo] PHP  23. call_user_func_array:{/home/ubuntu/workspace/message-board/vendor/laravel/framework/src/Illuminate/Pipeline/Pipeline.php:124}() /home/ubuntu/workspace/message-board/vendor/laravel/framework/src/Illuminate/Pipeline/Pipeline.php:124
[07-Feb-2018 21:09:01 Asia/Tokyo] PHP  24. Illuminate\Foundation\Http\Middleware\VerifyCsrfToken->handle() /home/ubuntu/workspace/message-board/vendor/laravel/framework/src/Illuminate/Pipeline/Pipeline.php:124
[07-Feb-2018 21:09:01 Asia/Tokyo] PHP  25. Illuminate\Pipeline\Pipeline->Illuminate\Pipeline\{closure}() /home/ubuntu/workspace/message-board/vendor/laravel/framework/src/Illuminate/Foundation/Http/Middleware/VerifyCsrfToken.php:50
[07-Feb-2018 21:09:01 Asia/Tokyo] PHP  26. call_user_func:{/home/ubuntu/workspace/message-board/vendor/laravel/framework/src/Illuminate/Pipeline/Pipeline.php:139}() /home/ubuntu/workspace/message-board/vendor/laravel/framework/src/Illuminate/Pipeline/Pipeline.php:139
[07-Feb-2018 21:09:01 Asia/Tokyo] PHP  27. Illuminate\Foundation\Http\Kernel->Illuminate\Foundation\Http\{closure}() /home/ubuntu/workspace/message-board/vendor/laravel/framework/src/Illuminate/Pipeline/Pipeline.php:139
[07-Feb-2018 21:09:01 Asia/Tokyo] PHP  28. Illuminate\Routing\Router->dispatch() /home/ubuntu/workspace/message-board/vendor/laravel/framework/src/Illuminate/Foundation/Http/Kernel.php:236
[07-Feb-2018 21:09:01 Asia/Tokyo] PHP  29. Illuminate\Routing\Router->dispatchToRoute() /home/ubuntu/workspace/message-board/vendor/laravel/framework/src/Illuminate/Routing/Router.php:635
[07-Feb-2018 21:09:01 Asia/Tokyo] PHP  30. Illuminate\Routing\Router->runRouteWithinStack() /home/ubuntu/workspace/message-board/vendor/laravel/framework/src/Illuminate/Routing/Router.php:675
[07-Feb-2018 21:09:01 Asia/Tokyo] PHP  31. Illuminate\Pipeline\Pipeline->then() /home/ubuntu/workspace/message-board/vendor/laravel/framework/src/Illuminate/Routing/Router.php:710
[07-Feb-2018 21:09:01 Asia/Tokyo] PHP  32. call_user_func:{/home/ubuntu/workspace/message-board/vendor/laravel/framework/src/Illuminate/Pipeline/Pipeline.php:103}() /home/ubuntu/workspace/message-board/vendor/laravel/framework/src/Illuminate/Pipeline/Pipeline.php:103
[07-Feb-2018 21:09:01 Asia/Tokyo] PHP  33. Illuminate\Pipeline\Pipeline->Illuminate\Pipeline\{closure}() /home/ubuntu/workspace/message-board/vendor/laravel/framework/src/Illuminate/Pipeline/Pipeline.php:103
[07-Feb-2018 21:09:01 Asia/Tokyo] PHP  34. call_user_func:{/home/ubuntu/workspace/message-board/vendor/laravel/framework/src/Illuminate/Pipeline/Pipeline.php:139}() /home/ubuntu/workspace/message-board/vendor/laravel/framework/src/Illuminate/Pipeline/Pipeline.php:139
[07-Feb-2018 21:09:01 Asia/Tokyo] PHP  35. Illuminate\Routing\Router->Illuminate\Routing\{closure}() /home/ubuntu/workspace/message-board/vendor/laravel/framework/src/Illuminate/Pipeline/Pipeline.php:139
[07-Feb-2018 21:09:01 Asia/Tokyo] PHP  36. Illuminate\Routing\Route->run() /home/ubuntu/workspace/message-board/vendor/laravel/framework/src/Illuminate/Routing/Router.php:708
[07-Feb-2018 21:09:01 Asia/Tokyo] PHP  37. Illuminate\Routing\Route->runWithCustomDispatcher() /home/ubuntu/workspace/message-board/vendor/laravel/framework/src/Illuminate/Routing/Route.php:134
[07-Feb-2018 21:09:01 Asia/Tokyo] PHP  38. Illuminate\Routing\ControllerDispatcher->dispatch() /home/ubuntu/workspace/message-board/vendor/laravel/framework/src/Illuminate/Routing/Route.php:203
[07-Feb-2018 21:09:01 Asia/Tokyo] PHP  39. Illuminate\Routing\ControllerDispatcher->makeController() /home/ubuntu/workspace/message-board/vendor/laravel/framework/src/Illuminate/Routing/ControllerDispatcher.php:57
[07-Feb-2018 21:09:01 Asia/Tokyo] PHP  40. Illuminate\Foundation\Application->make() /home/ubuntu/workspace/message-board/vendor/laravel/framework/src/Illuminate/Routing/ControllerDispatcher.php:85
[07-Feb-2018 21:09:01 Asia/Tokyo] PHP  41. Illuminate\Container\Container->make() /home/ubuntu/workspace/message-board/vendor/laravel/framework/src/Illuminate/Foundation/Application.php:674
[07-Feb-2018 21:09:01 Asia/Tokyo] PHP  42. Illuminate\Container\Container->build() /home/ubuntu/workspace/message-board/vendor/laravel/framework/src/Illuminate/Container/Container.php:631
[07-Feb-2018 21:09:01 Asia/Tokyo] PHP  43. ReflectionClass->__construct() /home/ubuntu/workspace/message-board/vendor/laravel/framework/src/Illuminate/Container/Container.php:741
[07-Feb-2018 21:09:01 Asia/Tokyo] PHP  44. spl_autoload_call() /home/ubuntu/workspace/message-board/vendor/laravel/framework/src/Illuminate/Container/Container.php:741
[07-Feb-2018 21:09:01 Asia/Tokyo] PHP  45. Composer\Autoload\ClassLoader->loadClass() /home/ubuntu/workspace/message-board/vendor/laravel/framework/src/Illuminate/Container/Container.php:741
[07-Feb-2018 21:09:01 Asia/Tokyo] PHP  46. Composer\Autoload\includeFile() /home/ubuntu/workspace/message-board/vendor/composer/ClassLoader.php:322
